Using pre-set license
Built from '2021.3/staging' branch; Version is '2021.3.3f1 (af2e63e8f9bd) revision 11480675'; Using compiler version '192829333'; Build Type 'Release'
OS: 'Windows 10  (10.0.19043) 64bit Core' Language: 'tr' Physical Memory: 16163 MB
BatchMode: 1, IsHumanControllingUs: 0, StartBugReporterOnCrash: 0, Is64bit: 1, IsPro: 1

COMMAND LINE ARGUMENTS:
C:\Program Files\Unity\Hub\Editor\2021.3.3f1\Editor\Unity.exe
-adb2
-batchMode
-noUpm
-name
AssetImportWorker9
-projectPath
C:/Users/berkc/Desktop/Record/Recordig
-logFile
Logs/AssetImportWorker9.log
-srvPort
60997
Successfully changed project path to: C:/Users/berkc/Desktop/Record/Recordig
C:/Users/berkc/Desktop/Record/Recordig
[UnityMemory] Configuration Parameters - Can be set up in boot.config
    "memorysetup-bucket-allocator-granularity=16"
    "memorysetup-bucket-allocator-bucket-count=8"
    "memorysetup-bucket-allocator-block-size=33554432"
    "memorysetup-bucket-allocator-block-count=8"
    "memorysetup-main-allocator-block-size=16777216"
    "memorysetup-thread-allocator-block-size=16777216"
    "memorysetup-gfx-main-allocator-block-size=16777216"
    "memorysetup-gfx-thread-allocator-block-size=16777216"
    "memorysetup-cache-allocator-block-size=4194304"
    "memorysetup-typetree-allocator-block-size=2097152"
    "memorysetup-profiler-bucket-allocator-granularity=16"
    "memorysetup-profiler-bucket-allocator-bucket-count=8"
    "memorysetup-profiler-bucket-allocator-block-size=33554432"
    "memorysetup-profiler-bucket-allocator-block-count=8"
    "memorysetup-profiler-allocator-block-size=16777216"
    "memorysetup-profiler-editor-allocator-block-size=1048576"
    "memorysetup-temp-allocator-size-main=16777216"
    "memorysetup-job-temp-allocator-block-size=2097152"
    "memorysetup-job-temp-allocator-block-size-background=1048576"
    "memorysetup-job-temp-allocator-reduction-small-platforms=262144"
    "memorysetup-temp-allocator-size-background-worker=32768"
    "memorysetup-temp-allocator-size-job-worker=262144"
    "memorysetup-temp-allocator-size-preload-manager=33554432"
    "memorysetup-temp-allocator-size-nav-mesh-worker=65536"
    "memorysetup-temp-allocator-size-audio-worker=65536"
    "memorysetup-temp-allocator-size-cloud-worker=32768"
    "memorysetup-temp-allocator-size-gi-baking-worker=262144"
    "memorysetup-temp-allocator-size-gfx=262144"
Refreshing native plugins compatible for Editor in 87.67 ms, found 3 plugins.
Preloading 0 native plugins for Editor in 0.00 ms.
Initialize engine version: 2021.3.3f1 (af2e63e8f9bd)
[Subsystems] Discovering subsystems at path C:/Program Files/Unity/Hub/Editor/2021.3.3f1/Editor/Data/Resources/UnitySubsystems
[Subsystems] Discovering subsystems at path C:/Users/berkc/Desktop/Record/Recordig/Assets
GfxDevice: creating device client; threaded=0; jobified=0
Direct3D:
    Version:  Direct3D 11.0 [level 11.1]
    Renderer: NVIDIA GeForce RTX 3060 Laptop GPU (ID=0x2520)
    Vendor:   NVIDIA
    VRAM:     6023 MB
    Driver:   30.0.15.1277
Initialize mono
Mono path[0] = 'C:/Program Files/Unity/Hub/Editor/2021.3.3f1/Editor/Data/Managed'
Mono path[1] = 'C:/Program Files/Unity/Hub/Editor/2021.3.3f1/Editor/Data/MonoBleedingEdge/lib/mono/unityjit-win32'
Mono config path = 'C:/Program Files/Unity/Hub/Editor/2021.3.3f1/Editor/Data/MonoBleedingEdge/etc'
Using monoOptions --debugger-agent=transport=dt_socket,embedding=1,server=y,suspend=n,address=127.0.0.1:56672
Begin MonoManager ReloadAssembly
Registering precompiled unity dll's ...
Register platform support module: C:/Program Files/Unity/Hub/Editor/2021.3.3f1/Editor/Data/PlaybackEngines/WebGLSupport/UnityEditor.WebGL.Extensions.dll
Register platform support module: C:/Program Files/Unity/Hub/Editor/2021.3.3f1/Editor/Data/PlaybackEngines/AndroidPlayer/UnityEditor.Android.Extensions.dll
Register platform support module: C:/Program Files/Unity/Hub/Editor/2021.3.3f1/Editor/Data/PlaybackEngines/iOSSupport/UnityEditor.iOS.Extensions.dll
Register platform support module: C:/Program Files/Unity/Hub/Editor/2021.3.3f1/Editor/Data/PlaybackEngines/WindowsStandaloneSupport/UnityEditor.WindowsStandalone.Extensions.dll
Registered in 0.006127 seconds.
Native extension for WindowsStandalone target not found
[usbmuxd] Start listen thread
[usbmuxd] Listen thread started
Native extension for iOS target not found
Native extension for Android target not found
Native extension for WebGL target not found
Refreshing native plugins compatible for Editor in 67.81 ms, found 3 plugins.
Preloading 0 native plugins for Editor in 0.00 ms.
Mono: successfully reloaded assembly
- Completed reload, in  0.510 seconds
Domain Reload Profiling:
	ReloadAssembly (510ms)
		BeginReloadAssembly (51ms)
			ExecutionOrderSort (0ms)
			DisableScriptedObjects (0ms)
			BackupInstance (0ms)
			ReleaseScriptingObjects (0ms)
			CreateAndSetChildDomain (0ms)
		EndReloadAssembly (373ms)
			LoadAssemblies (50ms)
			RebuildTransferFunctionScriptingTraits (0ms)
			SetupTypeCache (82ms)
			ReleaseScriptCaches (0ms)
			RebuildScriptCaches (21ms)
			SetupLoadedEditorAssemblies (231ms)
				LogAssemblyErrors (0ms)
				InitializePlatformSupportModulesInManaged (52ms)
				SetLoadedEditorAssemblies (1ms)
				RefreshPlugins (68ms)
				BeforeProcessingInitializeOnLoad (1ms)
				ProcessInitializeOnLoadAttributes (75ms)
				ProcessInitializeOnLoadMethodAttributes (34ms)
				AfterProcessingInitializeOnLoad (0ms)
				EditorAssembliesLoaded (0ms)
			ExecutionOrderSort2 (0ms)
			AwakeInstancesAfterBackupRestoration (0ms)
Platform modules already initialized, skipping
Registering precompiled user dll's ...
Registered in 0.003573 seconds.
Begin MonoManager ReloadAssembly
Symbol file LoadedFromMemory doesn't match image C:\Users\berkc\Desktop\Record\Recordig\Library\PackageCache\com.unity.visualscripting@1.7.6\Editor\VisualScripting.Core\Dependencies\YamlDotNet\Unity.VisualScripting.YamlDotNet.dll
Symbol file LoadedFromMemory doesn't match image C:\Users\berkc\Desktop\Record\Recordig\Library\PackageCache\com.unity.visualscripting@1.7.6\Editor\VisualScripting.Core\Dependencies\DotNetZip\Unity.VisualScripting.IonicZip.dll
Native extension for WindowsStandalone target not found
Native extension for iOS target not found
Native extension for Android target not found
Native extension for WebGL target not found
Refreshing native plugins compatible for Editor in 0.50 ms, found 3 plugins.
Preloading 0 native plugins for Editor in 0.00 ms.
Mono: successfully reloaded assembly
- Completed reload, in  0.894 seconds
Domain Reload Profiling:
	ReloadAssembly (895ms)
		BeginReloadAssembly (189ms)
			ExecutionOrderSort (0ms)
			DisableScriptedObjects (5ms)
			BackupInstance (0ms)
			ReleaseScriptingObjects (0ms)
			CreateAndSetChildDomain (123ms)
		EndReloadAssembly (612ms)
			LoadAssemblies (55ms)
			RebuildTransferFunctionScriptingTraits (0ms)
			SetupTypeCache (200ms)
			ReleaseScriptCaches (1ms)
			RebuildScriptCaches (40ms)
			SetupLoadedEditorAssemblies (284ms)
				LogAssemblyErrors (0ms)
				InitializePlatformSupportModulesInManaged (20ms)
				SetLoadedEditorAssemblies (0ms)
				RefreshPlugins (1ms)
				BeforeProcessingInitializeOnLoad (71ms)
				ProcessInitializeOnLoadAttributes (167ms)
				ProcessInitializeOnLoadMethodAttributes (20ms)
				AfterProcessingInitializeOnLoad (5ms)
				EditorAssembliesLoaded (0ms)
			ExecutionOrderSort2 (0ms)
			AwakeInstancesAfterBackupRestoration (4ms)
Platform modules already initialized, skipping
========================================================================
Worker process is ready to serve import requests
Launched and connected shader compiler UnityShaderCompiler.exe after 0.05 seconds
Refreshing native plugins compatible for Editor in 0.50 ms, found 3 plugins.
Preloading 0 native plugins for Editor in 0.00 ms.
Unloading 3374 Unused Serialized files (Serialized files now loaded: 0)
Unloading 26 unused Assets / (112.2 KB). Loaded Objects now: 3834.
Memory consumption went from 118.1 MB to 118.0 MB.
Total: 3.224000 ms (FindLiveObjects: 0.228000 ms CreateObjectMapping: 0.098100 ms MarkObjects: 2.808900 ms  DeleteObjects: 0.088000 ms)

AssetImportParameters requested are different than current active one (requested -> active):
  custom:video-decoder-ogg-theora: a1e56fd34408186e4bbccfd4996cb3dc -> 
  custom:container-muxer-webm: aa71ff27fc2769a1b78a27578f13a17b -> 
  custom:container-demuxer-webm: 4f35f7cbe854078d1ac9338744f61a02 -> 
  custom:video-encoder-webm-vp8: eb34c28f22e8b96e1ab97ce403110664 -> 
  custom:audio-encoder-webm-vorbis: bf7c407c2cedff20999df2af8eb42d56 -> 
  custom:framework-win-MediaFoundation: 216162199b28c13a410421893ffa2e32 -> 
  custom:container-demuxer-ogg: 62fdf1f143b41e24485cea50d1cbac27 -> 
  custom:video-decoder-webm-vp8: 9c59270c3fd7afecdb556c50c9e8de78 -> 
  custom:audio-decoder-ogg-vorbis: bf7c407c2cedff20999df2af8eb42d56 -> 
========================================================================
Received Prepare
Registering precompiled user dll's ...
Registered in 0.003419 seconds.
Begin MonoManager ReloadAssembly
Symbol file LoadedFromMemory doesn't match image C:\Users\berkc\Desktop\Record\Recordig\Library\PackageCache\com.unity.visualscripting@1.7.6\Editor\VisualScripting.Core\Dependencies\YamlDotNet\Unity.VisualScripting.YamlDotNet.dll
Symbol file LoadedFromMemory doesn't match image C:\Users\berkc\Desktop\Record\Recordig\Library\PackageCache\com.unity.visualscripting@1.7.6\Editor\VisualScripting.Core\Dependencies\DotNetZip\Unity.VisualScripting.IonicZip.dll
Native extension for WindowsStandalone target not found
Native extension for iOS target not found
Native extension for Android target not found
Native extension for WebGL target not found
Refreshing native plugins compatible for Editor in 0.54 ms, found 3 plugins.
Preloading 0 native plugins for Editor in 0.00 ms.
Mono: successfully reloaded assembly
- Completed reload, in  0.776 seconds
Domain Reload Profiling:
	ReloadAssembly (776ms)
		BeginReloadAssembly (109ms)
			ExecutionOrderSort (0ms)
			DisableScriptedObjects (4ms)
			BackupInstance (0ms)
			ReleaseScriptingObjects (0ms)
			CreateAndSetChildDomain (31ms)
		EndReloadAssembly (587ms)
			LoadAssemblies (62ms)
			RebuildTransferFunctionScriptingTraits (0ms)
			SetupTypeCache (211ms)
			ReleaseScriptCaches (1ms)
			RebuildScriptCaches (36ms)
			SetupLoadedEditorAssemblies (241ms)
				LogAssemblyErrors (0ms)
				InitializePlatformSupportModulesInManaged (29ms)
				SetLoadedEditorAssemblies (0ms)
				RefreshPlugins (1ms)
				BeforeProcessingInitializeOnLoad (51ms)
				ProcessInitializeOnLoadAttributes (133ms)
				ProcessInitializeOnLoadMethodAttributes (21ms)
				AfterProcessingInitializeOnLoad (6ms)
				EditorAssembliesLoaded (0ms)
			ExecutionOrderSort2 (0ms)
			AwakeInstancesAfterBackupRestoration (5ms)
Platform modules already initialized, skipping
Refreshing native plugins compatible for Editor in 1.41 ms, found 3 plugins.
Preloading 0 native plugins for Editor in 0.00 ms.
Unloading 3356 Unused Serialized files (Serialized files now loaded: 0)
Unloading 19 unused Assets / (79.3 KB). Loaded Objects now: 3837.
Memory consumption went from 116.7 MB to 116.6 MB.
Total: 2.571700 ms (FindLiveObjects: 0.192200 ms CreateObjectMapping: 0.080600 ms MarkObjects: 2.190000 ms  DeleteObjects: 0.108000 ms)

AssetImportParameters requested are different than current active one (requested -> active):
  custom:video-decoder-ogg-theora: a1e56fd34408186e4bbccfd4996cb3dc -> 
  custom:container-muxer-webm: aa71ff27fc2769a1b78a27578f13a17b -> 
  custom:container-demuxer-webm: 4f35f7cbe854078d1ac9338744f61a02 -> 
  custom:video-encoder-webm-vp8: eb34c28f22e8b96e1ab97ce403110664 -> 
  custom:audio-encoder-webm-vorbis: bf7c407c2cedff20999df2af8eb42d56 -> 
  custom:framework-win-MediaFoundation: 216162199b28c13a410421893ffa2e32 -> 
  custom:container-demuxer-ogg: 62fdf1f143b41e24485cea50d1cbac27 -> 
  custom:video-decoder-webm-vp8: 9c59270c3fd7afecdb556c50c9e8de78 -> 
  custom:audio-decoder-ogg-vorbis: bf7c407c2cedff20999df2af8eb42d56 -> 
========================================================================
Received Prepare
Registering precompiled user dll's ...
Registered in 0.003124 seconds.
Begin MonoManager ReloadAssembly
Symbol file LoadedFromMemory doesn't match image C:\Users\berkc\Desktop\Record\Recordig\Library\PackageCache\com.unity.visualscripting@1.7.6\Editor\VisualScripting.Core\Dependencies\YamlDotNet\Unity.VisualScripting.YamlDotNet.dll
Symbol file LoadedFromMemory doesn't match image C:\Users\berkc\Desktop\Record\Recordig\Library\PackageCache\com.unity.visualscripting@1.7.6\Editor\VisualScripting.Core\Dependencies\DotNetZip\Unity.VisualScripting.IonicZip.dll
Native extension for WindowsStandalone target not found
Native extension for iOS target not found
Native extension for Android target not found
Native extension for WebGL target not found
Refreshing native plugins compatible for Editor in 0.54 ms, found 3 plugins.
Preloading 0 native plugins for Editor in 0.00 ms.
Mono: successfully reloaded assembly
- Completed reload, in  0.762 seconds
Domain Reload Profiling:
	ReloadAssembly (763ms)
		BeginReloadAssembly (104ms)
			ExecutionOrderSort (0ms)
			DisableScriptedObjects (4ms)
			BackupInstance (0ms)
			ReleaseScriptingObjects (0ms)
			CreateAndSetChildDomain (31ms)
		EndReloadAssembly (580ms)
			LoadAssemblies (61ms)
			RebuildTransferFunctionScriptingTraits (0ms)
			SetupTypeCache (204ms)
			ReleaseScriptCaches (1ms)
			RebuildScriptCaches (33ms)
			SetupLoadedEditorAssemblies (245ms)
				LogAssemblyErrors (0ms)
				InitializePlatformSupportModulesInManaged (27ms)
				SetLoadedEditorAssemblies (0ms)
				RefreshPlugins (1ms)
				BeforeProcessingInitializeOnLoad (55ms)
				ProcessInitializeOnLoadAttributes (138ms)
				ProcessInitializeOnLoadMethodAttributes (18ms)
				AfterProcessingInitializeOnLoad (6ms)
				EditorAssembliesLoaded (0ms)
			ExecutionOrderSort2 (0ms)
			AwakeInstancesAfterBackupRestoration (4ms)
Platform modules already initialized, skipping
Refreshing native plugins compatible for Editor in 1.29 ms, found 3 plugins.
Preloading 0 native plugins for Editor in 0.00 ms.
Unloading 3356 Unused Serialized files (Serialized files now loaded: 0)
Unloading 19 unused Assets / (79.1 KB). Loaded Objects now: 3840.
Memory consumption went from 116.7 MB to 116.6 MB.
Total: 2.700700 ms (FindLiveObjects: 0.203300 ms CreateObjectMapping: 0.077700 ms MarkObjects: 2.326000 ms  DeleteObjects: 0.092900 ms)

AssetImportParameters requested are different than current active one (requested -> active):
  custom:video-decoder-ogg-theora: a1e56fd34408186e4bbccfd4996cb3dc -> 
  custom:container-muxer-webm: aa71ff27fc2769a1b78a27578f13a17b -> 
  custom:container-demuxer-webm: 4f35f7cbe854078d1ac9338744f61a02 -> 
  custom:video-encoder-webm-vp8: eb34c28f22e8b96e1ab97ce403110664 -> 
  custom:audio-encoder-webm-vorbis: bf7c407c2cedff20999df2af8eb42d56 -> 
  custom:framework-win-MediaFoundation: 216162199b28c13a410421893ffa2e32 -> 
  custom:container-demuxer-ogg: 62fdf1f143b41e24485cea50d1cbac27 -> 
  custom:video-decoder-webm-vp8: 9c59270c3fd7afecdb556c50c9e8de78 -> 
  custom:audio-decoder-ogg-vorbis: bf7c407c2cedff20999df2af8eb42d56 -> 
========================================================================
Received Prepare
Registering precompiled user dll's ...
Registered in 0.003679 seconds.
Begin MonoManager ReloadAssembly
Symbol file LoadedFromMemory doesn't match image C:\Users\berkc\Desktop\Record\Recordig\Library\PackageCache\com.unity.visualscripting@1.7.6\Editor\VisualScripting.Core\Dependencies\YamlDotNet\Unity.VisualScripting.YamlDotNet.dll
Symbol file LoadedFromMemory doesn't match image C:\Users\berkc\Desktop\Record\Recordig\Library\PackageCache\com.unity.visualscripting@1.7.6\Editor\VisualScripting.Core\Dependencies\DotNetZip\Unity.VisualScripting.IonicZip.dll
Native extension for WindowsStandalone target not found
Native extension for iOS target not found
Native extension for Android target not found
Native extension for WebGL target not found
Refreshing native plugins compatible for Editor in 0.50 ms, found 3 plugins.
Preloading 0 native plugins for Editor in 0.00 ms.
Mono: successfully reloaded assembly
- Completed reload, in  0.785 seconds
Domain Reload Profiling:
	ReloadAssembly (785ms)
		BeginReloadAssembly (108ms)
			ExecutionOrderSort (0ms)
			DisableScriptedObjects (4ms)
			BackupInstance (0ms)
			ReleaseScriptingObjects (0ms)
			CreateAndSetChildDomain (31ms)
		EndReloadAssembly (585ms)
			LoadAssemblies (68ms)
			RebuildTransferFunctionScriptingTraits (0ms)
			SetupTypeCache (212ms)
			ReleaseScriptCaches (1ms)
			RebuildScriptCaches (32ms)
			SetupLoadedEditorAssemblies (240ms)
				LogAssemblyErrors (0ms)
				InitializePlatformSupportModulesInManaged (27ms)
				SetLoadedEditorAssemblies (0ms)
				RefreshPlugins (1ms)
				BeforeProcessingInitializeOnLoad (51ms)
				ProcessInitializeOnLoadAttributes (138ms)
				ProcessInitializeOnLoadMethodAttributes (18ms)
				AfterProcessingInitializeOnLoad (5ms)
				EditorAssembliesLoaded (0ms)
			ExecutionOrderSort2 (0ms)
			AwakeInstancesAfterBackupRestoration (4ms)
Platform modules already initialized, skipping
Refreshing native plugins compatible for Editor in 1.29 ms, found 3 plugins.
Preloading 0 native plugins for Editor in 0.00 ms.
Unloading 3356 Unused Serialized files (Serialized files now loaded: 0)
Unloading 19 unused Assets / (79.1 KB). Loaded Objects now: 3843.
Memory consumption went from 116.7 MB to 116.6 MB.
Total: 2.893500 ms (FindLiveObjects: 0.216700 ms CreateObjectMapping: 0.095100 ms MarkObjects: 2.495700 ms  DeleteObjects: 0.085300 ms)

AssetImportParameters requested are different than current active one (requested -> active):
  custom:video-decoder-ogg-theora: a1e56fd34408186e4bbccfd4996cb3dc -> 
  custom:container-muxer-webm: aa71ff27fc2769a1b78a27578f13a17b -> 
  custom:container-demuxer-webm: 4f35f7cbe854078d1ac9338744f61a02 -> 
  custom:video-encoder-webm-vp8: eb34c28f22e8b96e1ab97ce403110664 -> 
  custom:audio-encoder-webm-vorbis: bf7c407c2cedff20999df2af8eb42d56 -> 
  custom:framework-win-MediaFoundation: 216162199b28c13a410421893ffa2e32 -> 
  custom:container-demuxer-ogg: 62fdf1f143b41e24485cea50d1cbac27 -> 
  custom:video-decoder-webm-vp8: 9c59270c3fd7afecdb556c50c9e8de78 -> 
  custom:audio-decoder-ogg-vorbis: bf7c407c2cedff20999df2af8eb42d56 -> 
========================================================================
Received Prepare
Registering precompiled user dll's ...
Registered in 0.004088 seconds.
Begin MonoManager ReloadAssembly
Symbol file LoadedFromMemory doesn't match image C:\Users\berkc\Desktop\Record\Recordig\Library\PackageCache\com.unity.visualscripting@1.7.6\Editor\VisualScripting.Core\Dependencies\YamlDotNet\Unity.VisualScripting.YamlDotNet.dll
Symbol file LoadedFromMemory doesn't match image C:\Users\berkc\Desktop\Record\Recordig\Library\PackageCache\com.unity.visualscripting@1.7.6\Editor\VisualScripting.Core\Dependencies\DotNetZip\Unity.VisualScripting.IonicZip.dll
Native extension for WindowsStandalone target not found
Native extension for iOS target not found
Native extension for Android target not found
Native extension for WebGL target not found
Refreshing native plugins compatible for Editor in 0.54 ms, found 3 plugins.
Preloading 0 native plugins for Editor in 0.00 ms.
Mono: successfully reloaded assembly
- Completed reload, in  0.746 seconds
Domain Reload Profiling:
	ReloadAssembly (746ms)
		BeginReloadAssembly (104ms)
			ExecutionOrderSort (0ms)
			DisableScriptedObjects (4ms)
			BackupInstance (0ms)
			ReleaseScriptingObjects (0ms)
			CreateAndSetChildDomain (31ms)
		EndReloadAssembly (569ms)
			LoadAssemblies (61ms)
			RebuildTransferFunctionScriptingTraits (0ms)
			SetupTypeCache (203ms)
			ReleaseScriptCaches (1ms)
			RebuildScriptCaches (32ms)
			SetupLoadedEditorAssemblies (236ms)
				LogAssemblyErrors (0ms)
				InitializePlatformSupportModulesInManaged (29ms)
				SetLoadedEditorAssemblies (0ms)
				RefreshPlugins (1ms)
				BeforeProcessingInitializeOnLoad (52ms)
				ProcessInitializeOnLoadAttributes (131ms)
				ProcessInitializeOnLoadMethodAttributes (18ms)
				AfterProcessingInitializeOnLoad (5ms)
				EditorAssembliesLoaded (0ms)
			ExecutionOrderSort2 (0ms)
			AwakeInstancesAfterBackupRestoration (4ms)
Platform modules already initialized, skipping
Refreshing native plugins compatible for Editor in 1.38 ms, found 3 plugins.
Preloading 0 native plugins for Editor in 0.00 ms.
Unloading 3356 Unused Serialized files (Serialized files now loaded: 0)
Unloading 19 unused Assets / (79.2 KB). Loaded Objects now: 3846.
Memory consumption went from 116.7 MB to 116.6 MB.
Total: 2.394900 ms (FindLiveObjects: 0.228400 ms CreateObjectMapping: 0.088200 ms MarkObjects: 1.992400 ms  DeleteObjects: 0.085000 ms)

AssetImportParameters requested are different than current active one (requested -> active):
  custom:video-decoder-ogg-theora: a1e56fd34408186e4bbccfd4996cb3dc -> 
  custom:container-muxer-webm: aa71ff27fc2769a1b78a27578f13a17b -> 
  custom:container-demuxer-webm: 4f35f7cbe854078d1ac9338744f61a02 -> 
  custom:video-encoder-webm-vp8: eb34c28f22e8b96e1ab97ce403110664 -> 
  custom:audio-encoder-webm-vorbis: bf7c407c2cedff20999df2af8eb42d56 -> 
  custom:framework-win-MediaFoundation: 216162199b28c13a410421893ffa2e32 -> 
  custom:container-demuxer-ogg: 62fdf1f143b41e24485cea50d1cbac27 -> 
  custom:video-decoder-webm-vp8: 9c59270c3fd7afecdb556c50c9e8de78 -> 
  custom:audio-decoder-ogg-vorbis: bf7c407c2cedff20999df2af8eb42d56 -> 
========================================================================
Received Prepare
Registering precompiled user dll's ...
Registered in 0.004728 seconds.
Begin MonoManager ReloadAssembly
Symbol file LoadedFromMemory doesn't match image C:\Users\berkc\Desktop\Record\Recordig\Library\PackageCache\com.unity.visualscripting@1.7.6\Editor\VisualScripting.Core\Dependencies\YamlDotNet\Unity.VisualScripting.YamlDotNet.dll
Symbol file LoadedFromMemory doesn't match image C:\Users\berkc\Desktop\Record\Recordig\Library\PackageCache\com.unity.visualscripting@1.7.6\Editor\VisualScripting.Core\Dependencies\DotNetZip\Unity.VisualScripting.IonicZip.dll
Native extension for WindowsStandalone target not found
Native extension for iOS target not found
Native extension for Android target not found
Native extension for WebGL target not found
Refreshing native plugins compatible for Editor in 0.53 ms, found 3 plugins.
Preloading 0 native plugins for Editor in 0.00 ms.
Mono: successfully reloaded assembly
- Completed reload, in  0.766 seconds
Domain Reload Profiling:
	ReloadAssembly (766ms)
		BeginReloadAssembly (104ms)
			ExecutionOrderSort (0ms)
			DisableScriptedObjects (4ms)
			BackupInstance (0ms)
			ReleaseScriptingObjects (0ms)
			CreateAndSetChildDomain (29ms)
		EndReloadAssembly (582ms)
			LoadAssemblies (64ms)
			RebuildTransferFunctionScriptingTraits (0ms)
			SetupTypeCache (206ms)
			ReleaseScriptCaches (1ms)
			RebuildScriptCaches (33ms)
			SetupLoadedEditorAssemblies (243ms)
				LogAssemblyErrors (0ms)
				InitializePlatformSupportModulesInManaged (28ms)
				SetLoadedEditorAssemblies (0ms)
				RefreshPlugins (1ms)
				BeforeProcessingInitializeOnLoad (54ms)
				ProcessInitializeOnLoadAttributes (136ms)
				ProcessInitializeOnLoadMethodAttributes (19ms)
				AfterProcessingInitializeOnLoad (5ms)
				EditorAssembliesLoaded (0ms)
			ExecutionOrderSort2 (0ms)
			AwakeInstancesAfterBackupRestoration (4ms)
Platform modules already initialized, skipping
Refreshing native plugins compatible for Editor in 1.33 ms, found 3 plugins.
Preloading 0 native plugins for Editor in 0.00 ms.
Unloading 3356 Unused Serialized files (Serialized files now loaded: 0)
Unloading 19 unused Assets / (79.1 KB). Loaded Objects now: 3849.
Memory consumption went from 116.7 MB to 116.6 MB.
Total: 2.415100 ms (FindLiveObjects: 0.212400 ms CreateObjectMapping: 0.083300 ms MarkObjects: 2.023500 ms  DeleteObjects: 0.095000 ms)

AssetImportParameters requested are different than current active one (requested -> active):
  custom:video-decoder-ogg-theora: a1e56fd34408186e4bbccfd4996cb3dc -> 
  custom:container-muxer-webm: aa71ff27fc2769a1b78a27578f13a17b -> 
  custom:container-demuxer-webm: 4f35f7cbe854078d1ac9338744f61a02 -> 
  custom:video-encoder-webm-vp8: eb34c28f22e8b96e1ab97ce403110664 -> 
  custom:audio-encoder-webm-vorbis: bf7c407c2cedff20999df2af8eb42d56 -> 
  custom:framework-win-MediaFoundation: 216162199b28c13a410421893ffa2e32 -> 
  custom:container-demuxer-ogg: 62fdf1f143b41e24485cea50d1cbac27 -> 
  custom:video-decoder-webm-vp8: 9c59270c3fd7afecdb556c50c9e8de78 -> 
  custom:audio-decoder-ogg-vorbis: bf7c407c2cedff20999df2af8eb42d56 -> 
========================================================================
Received Prepare
Registering precompiled user dll's ...
Registered in 0.003782 seconds.
Begin MonoManager ReloadAssembly
Symbol file LoadedFromMemory doesn't match image C:\Users\berkc\Desktop\Record\Recordig\Library\PackageCache\com.unity.visualscripting@1.7.6\Editor\VisualScripting.Core\Dependencies\YamlDotNet\Unity.VisualScripting.YamlDotNet.dll
Symbol file LoadedFromMemory doesn't match image C:\Users\berkc\Desktop\Record\Recordig\Library\PackageCache\com.unity.visualscripting@1.7.6\Editor\VisualScripting.Core\Dependencies\DotNetZip\Unity.VisualScripting.IonicZip.dll
Native extension for WindowsStandalone target not found
Native extension for iOS target not found
Native extension for Android target not found
Native extension for WebGL target not found
Refreshing native plugins compatible for Editor in 0.51 ms, found 3 plugins.
Preloading 0 native plugins for Editor in 0.00 ms.
Mono: successfully reloaded assembly
- Completed reload, in  0.731 seconds
Domain Reload Profiling:
	ReloadAssembly (732ms)
		BeginReloadAssembly (105ms)
			ExecutionOrderSort (0ms)
			DisableScriptedObjects (4ms)
			BackupInstance (0ms)
			ReleaseScriptingObjects (0ms)
			CreateAndSetChildDomain (29ms)
		EndReloadAssembly (553ms)
			LoadAssemblies (63ms)
			RebuildTransferFunctionScriptingTraits (0ms)
			SetupTypeCache (183ms)
			ReleaseScriptCaches (1ms)
			RebuildScriptCaches (31ms)
			SetupLoadedEditorAssemblies (248ms)
				LogAssemblyErrors (0ms)
				InitializePlatformSupportModulesInManaged (26ms)
				SetLoadedEditorAssemblies (0ms)
				RefreshPlugins (1ms)
				BeforeProcessingInitializeOnLoad (53ms)
				ProcessInitializeOnLoadAttributes (143ms)
				ProcessInitializeOnLoadMethodAttributes (19ms)
				AfterProcessingInitializeOnLoad (5ms)
				EditorAssembliesLoaded (0ms)
			ExecutionOrderSort2 (0ms)
			AwakeInstancesAfterBackupRestoration (4ms)
Platform modules already initialized, skipping
Refreshing native plugins compatible for Editor in 1.42 ms, found 3 plugins.
Preloading 0 native plugins for Editor in 0.00 ms.
Unloading 3356 Unused Serialized files (Serialized files now loaded: 0)
Unloading 19 unused Assets / (79.3 KB). Loaded Objects now: 3852.
Memory consumption went from 116.7 MB to 116.6 MB.
Total: 2.567300 ms (FindLiveObjects: 0.201700 ms CreateObjectMapping: 0.089000 ms MarkObjects: 2.197200 ms  DeleteObjects: 0.078300 ms)

AssetImportParameters requested are different than current active one (requested -> active):
  custom:video-decoder-ogg-theora: a1e56fd34408186e4bbccfd4996cb3dc -> 
  custom:container-muxer-webm: aa71ff27fc2769a1b78a27578f13a17b -> 
  custom:container-demuxer-webm: 4f35f7cbe854078d1ac9338744f61a02 -> 
  custom:video-encoder-webm-vp8: eb34c28f22e8b96e1ab97ce403110664 -> 
  custom:audio-encoder-webm-vorbis: bf7c407c2cedff20999df2af8eb42d56 -> 
  custom:framework-win-MediaFoundation: 216162199b28c13a410421893ffa2e32 -> 
  custom:container-demuxer-ogg: 62fdf1f143b41e24485cea50d1cbac27 -> 
  custom:video-decoder-webm-vp8: 9c59270c3fd7afecdb556c50c9e8de78 -> 
  custom:audio-decoder-ogg-vorbis: bf7c407c2cedff20999df2af8eb42d56 -> 
========================================================================
Received Import Request.
  Time since last request: 739726.641209 seconds.
  path: Assets/Resources/screenshots/screen_1920x1080_1.png
  artifactKey: Guid(364765cd5fce4644cbfa7236cdecf3c8) Importer(815301076,1909f56bfc062723c751e8b465ee728b)
Start importing Assets/Resources/screenshots/screen_1920x1080_1.png using Guid(364765cd5fce4644cbfa7236cdecf3c8) Importer(815301076,1909f56bfc062723c751e8b465ee728b)  -> (artifact id: 'bb9580ef10a03f43a9c35befeb5632b0') in 0.066777 seconds 
========================================================================
Received Import Request.
  Time since last request: 0.000029 seconds.
  path: Assets/Resources/screenshots/screen_1920x1080_65.png
  artifactKey: Guid(ba2f969b9b0fc204baeb4d1ab8171c52) Importer(815301076,1909f56bfc062723c751e8b465ee728b)
Start importing Assets/Resources/screenshots/screen_1920x1080_65.png using Guid(ba2f969b9b0fc204baeb4d1ab8171c52) Importer(815301076,1909f56bfc062723c751e8b465ee728b)  -> (artifact id: '54538302adefc5c44c7bf9b6f552c337') in 0.010900 seconds 
========================================================================
Received Import Request.
  Time since last request: 0.000026 seconds.
  path: Assets/Resources/screenshots/screen_1920x1080_38.png
  artifactKey: Guid(a84f7f7dad4f19e47b1249b4d92200a2) Importer(815301076,1909f56bfc062723c751e8b465ee728b)
Start importing Assets/Resources/screenshots/screen_1920x1080_38.png using Guid(a84f7f7dad4f19e47b1249b4d92200a2) Importer(815301076,1909f56bfc062723c751e8b465ee728b)  -> (artifact id: '340ce2a211dac51e302ad295b4fe4b3d') in 0.009103 seconds 
========================================================================
Received Import Request.
  Time since last request: 0.000022 seconds.
  path: Assets/Resources/screenshots/screen_1920x1080_15.png
  artifactKey: Guid(846dd480318a4ea4bbf5a4f4fe2103f8) Importer(815301076,1909f56bfc062723c751e8b465ee728b)
Start importing Assets/Resources/screenshots/screen_1920x1080_15.png using Guid(846dd480318a4ea4bbf5a4f4fe2103f8) Importer(815301076,1909f56bfc062723c751e8b465ee728b)  -> (artifact id: '3b59bb5f22bca7f99ac6cf32cfc50de3') in 0.013506 seconds 
========================================================================
Received Import Request.
  Time since last request: 0.000019 seconds.
  path: Assets/Resources/screenshots/screen_1920x1080_67.png
  artifactKey: Guid(126cafe1e8466af46a5243d2879c5001) Importer(815301076,1909f56bfc062723c751e8b465ee728b)
Start importing Assets/Resources/screenshots/screen_1920x1080_67.png using Guid(126cafe1e8466af46a5243d2879c5001) Importer(815301076,1909f56bfc062723c751e8b465ee728b)  -> (artifact id: '668f4b29d4d951f2666632f2a9079a1b') in 0.009763 seconds 
========================================================================
Received Import Request.
  Time since last request: 0.000018 seconds.
  path: Assets/Resources/screenshots/screen_1920x1080_7.png
  artifactKey: Guid(3e8bc9db5e29f8746b3e361ecd6e290b) Importer(815301076,1909f56bfc062723c751e8b465ee728b)
Start importing Assets/Resources/screenshots/screen_1920x1080_7.png using Guid(3e8bc9db5e29f8746b3e361ecd6e290b) Importer(815301076,1909f56bfc062723c751e8b465ee728b)  -> (artifact id: 'fe2e7262256337cd654816a006b32308') in 0.010431 seconds 
========================================================================
Received Import Request.
  Time since last request: 0.000019 seconds.
  path: Assets/Resources/screenshots/screen_1920x1080_70.png
  artifactKey: Guid(cef2bbabac8c3ae428c560457687d70e) Importer(815301076,1909f56bfc062723c751e8b465ee728b)
Start importing Assets/Resources/screenshots/screen_1920x1080_70.png using Guid(cef2bbabac8c3ae428c560457687d70e) Importer(815301076,1909f56bfc062723c751e8b465ee728b)  -> (artifact id: 'd284116052a02955126a0a412d7b756b') in 0.008255 seconds 
========================================================================
Received Import Request.
  Time since last request: 0.000030 seconds.
  path: Assets/Resources/screenshots/screen_1920x1080_14.png
  artifactKey: Guid(60adf7ef2bb980a4d9e50bf9ec5e7de3) Importer(815301076,1909f56bfc062723c751e8b465ee728b)
Start importing Assets/Resources/screenshots/screen_1920x1080_14.png using Guid(60adf7ef2bb980a4d9e50bf9ec5e7de3) Importer(815301076,1909f56bfc062723c751e8b465ee728b)  -> (artifact id: '4091aab731ce5fa94653efccc8a54225') in 0.008514 seconds 
========================================================================
Received Import Request.
  Time since last request: 0.000019 seconds.
  path: Assets/Resources/screenshots/screen_1920x1080_19.png
  artifactKey: Guid(b3039d6e4fd11df4ead69899608934bb) Importer(815301076,1909f56bfc062723c751e8b465ee728b)
Start importing Assets/Resources/screenshots/screen_1920x1080_19.png using Guid(b3039d6e4fd11df4ead69899608934bb) Importer(815301076,1909f56bfc062723c751e8b465ee728b)  -> (artifact id: '06b90219ec52516b67716d10a269c514') in 0.008679 seconds 
========================================================================
Received Import Request.
  Time since last request: 0.000020 seconds.
  path: Assets/Resources/screenshots/screen_1920x1080_8.png
  artifactKey: Guid(94a8d71f0232fea40af87195336281e9) Importer(815301076,1909f56bfc062723c751e8b465ee728b)
Start importing Assets/Resources/screenshots/screen_1920x1080_8.png using Guid(94a8d71f0232fea40af87195336281e9) Importer(815301076,1909f56bfc062723c751e8b465ee728b)  -> (artifact id: 'b3a04023767f6e5932dd221322b683f6') in 0.014861 seconds 
========================================================================
Received Import Request.
  Time since last request: 0.000023 seconds.
  path: Assets/Resources/screenshots/screen_1920x1080_28.png
  artifactKey: Guid(ef7142e9e85bdbe4a8af8bcd8fad6aa1) Importer(815301076,1909f56bfc062723c751e8b465ee728b)
Start importing Assets/Resources/screenshots/screen_1920x1080_28.png using Guid(ef7142e9e85bdbe4a8af8bcd8fad6aa1) Importer(815301076,1909f56bfc062723c751e8b465ee728b)  -> (artifact id: '769fbdfd5cddd0b8ad57436718a4afdf') in 0.009450 seconds 
========================================================================
Received Import Request.
  Time since last request: 0.000023 seconds.
  path: Assets/Resources/screenshots/screen_1920x1080_57.png
  artifactKey: Guid(84b3c8788f5a039428c382c042fe1a59) Importer(815301076,1909f56bfc062723c751e8b465ee728b)
Start importing Assets/Resources/screenshots/screen_1920x1080_57.png using Guid(84b3c8788f5a039428c382c042fe1a59) Importer(815301076,1909f56bfc062723c751e8b465ee728b)  -> (artifact id: 'c7937ca0aabe383d001378e0c1046a46') in 0.011551 seconds 
========================================================================
Received Import Request.
  Time since last request: 0.000015 seconds.
  path: Assets/Resources/screenshots/screen_1920x1080_48.png
  artifactKey: Guid(948f424de59439e4a9f2bebf6450184e) Importer(815301076,1909f56bfc062723c751e8b465ee728b)
Start importing Assets/Resources/screenshots/screen_1920x1080_48.png using Guid(948f424de59439e4a9f2bebf6450184e) Importer(815301076,1909f56bfc062723c751e8b465ee728b)  -> (artifact id: 'e2688d575169635bd28d409ec6ba995c') in 0.015428 seconds 
========================================================================
Received Import Request.
  Time since last request: 0.000024 seconds.
  path: Assets/Resources/screenshots/screen_1920x1080_75.png
  artifactKey: Guid(1485cbd379fcbbd4ba3beb59d91209ba) Importer(815301076,1909f56bfc062723c751e8b465ee728b)
Start importing Assets/Resources/screenshots/screen_1920x1080_75.png using Guid(1485cbd379fcbbd4ba3beb59d91209ba) Importer(815301076,1909f56bfc062723c751e8b465ee728b)  -> (artifact id: 'b31efd6722c32a09ee444acbce842684') in 0.014927 seconds 
========================================================================
Received Import Request.
  Time since last request: 0.000019 seconds.
  path: Assets/Resources/screenshots/screen_1920x1080_60.png
  artifactKey: Guid(188553bf74dfb684e8b051b9fb1e465b) Importer(815301076,1909f56bfc062723c751e8b465ee728b)
Start importing Assets/Resources/screenshots/screen_1920x1080_60.png using Guid(188553bf74dfb684e8b051b9fb1e465b) Importer(815301076,1909f56bfc062723c751e8b465ee728b)  -> (artifact id: 'de412c798b3d0eb9c3f601fff71120f8') in 0.012648 seconds 
========================================================================
Received Import Request.
  Time since last request: 0.000028 seconds.
  path: Assets/Resources/screenshots/screen_1920x1080_51.png
  artifactKey: Guid(8a74af63771f1a84fad7c2b49dccfc01) Importer(815301076,1909f56bfc062723c751e8b465ee728b)
Start importing Assets/Resources/screenshots/screen_1920x1080_51.png using Guid(8a74af63771f1a84fad7c2b49dccfc01) Importer(815301076,1909f56bfc062723c751e8b465ee728b)  -> (artifact id: '4de4bf0dc6a87bd418ea4adc603053a0') in 0.013098 seconds 
========================================================================
Received Import Request.
  Time since last request: 0.000032 seconds.
  path: Assets/Resources/screenshots/screen_1920x1080_50.png
  artifactKey: Guid(24e25a5c255254f42990639280588d30) Importer(815301076,1909f56bfc062723c751e8b465ee728b)
Start importing Assets/Resources/screenshots/screen_1920x1080_50.png using Guid(24e25a5c255254f42990639280588d30) Importer(815301076,1909f56bfc062723c751e8b465ee728b)  -> (artifact id: '6d513ff25386b2df6b8651d223bf7598') in 0.009307 seconds 
========================================================================
Received Import Request.
  Time since last request: 0.000037 seconds.
  path: Assets/Resources/screenshots/screen_1920x1080_4.png
  artifactKey: Guid(69ed0edfd9c808546bd3dc056f92d734) Importer(815301076,1909f56bfc062723c751e8b465ee728b)
Start importing Assets/Resources/screenshots/screen_1920x1080_4.png using Guid(69ed0edfd9c808546bd3dc056f92d734) Importer(815301076,1909f56bfc062723c751e8b465ee728b)  -> (artifact id: '555712e4b99032f470bb83b89b2fb88f') in 0.008618 seconds 
========================================================================
Received Import Request.
  Time since last request: 0.000024 seconds.
  path: Assets/Resources/screenshots/screen_1920x1080_35.png
  artifactKey: Guid(635e4fcd70888c941aad06aca5a1ecbb) Importer(815301076,1909f56bfc062723c751e8b465ee728b)
Start importing Assets/Resources/screenshots/screen_1920x1080_35.png using Guid(635e4fcd70888c941aad06aca5a1ecbb) Importer(815301076,1909f56bfc062723c751e8b465ee728b)  -> (artifact id: 'dd3c324bad29477ab2b25a9431654684') in 0.009910 seconds 
========================================================================
Received Import Request.
  Time since last request: 0.000024 seconds.
  path: Assets/Resources/screenshots/screen_1920x1080_58.png
  artifactKey: Guid(7797c26ec511a734b9c52ccf0b0c0f8d) Importer(815301076,1909f56bfc062723c751e8b465ee728b)
Start importing Assets/Resources/screenshots/screen_1920x1080_58.png using Guid(7797c26ec511a734b9c52ccf0b0c0f8d) Importer(815301076,1909f56bfc062723c751e8b465ee728b)  -> (artifact id: '4bfaaabdb7dc08d7f26be6e734fdbf01') in 0.008926 seconds 
========================================================================
Received Import Request.
  Time since last request: 0.000027 seconds.
  path: Assets/Resources/screenshots/screen_1920x1080_52.png
  artifactKey: Guid(b68cee4c2bfe89142ac950a954c1124d) Importer(815301076,1909f56bfc062723c751e8b465ee728b)
Start importing Assets/Resources/screenshots/screen_1920x1080_52.png using Guid(b68cee4c2bfe89142ac950a954c1124d) Importer(815301076,1909f56bfc062723c751e8b465ee728b)  -> (artifact id: '146bdf831b9772e6020e0b94828c0365') in 0.007685 seconds 
========================================================================
Received Import Request.
  Time since last request: 0.000022 seconds.
  path: Assets/Resources/screenshots/screen_1920x1080_34.png
  artifactKey: Guid(1e66da3f755090c4d8bb9fecee058eed) Importer(815301076,1909f56bfc062723c751e8b465ee728b)
Start importing Assets/Resources/screenshots/screen_1920x1080_34.png using Guid(1e66da3f755090c4d8bb9fecee058eed) Importer(815301076,1909f56bfc062723c751e8b465ee728b)  -> (artifact id: 'a240f5bc6bde224779eede19c18c6d9c') in 0.008174 seconds 
========================================================================
Received Import Request.
  Time since last request: 0.000021 seconds.
  path: Assets/Resources/screenshots/screen_1920x1080_16.png
  artifactKey: Guid(5da41cfcf205a5f458704e35b05281e4) Importer(815301076,1909f56bfc062723c751e8b465ee728b)
Start importing Assets/Resources/screenshots/screen_1920x1080_16.png using Guid(5da41cfcf205a5f458704e35b05281e4) Importer(815301076,1909f56bfc062723c751e8b465ee728b)  -> (artifact id: 'fefa33e85e056c6834b63f6942e78e8c') in 0.007221 seconds 
========================================================================
Received Import Request.
  Time since last request: 0.000026 seconds.
  path: Assets/Resources/screenshots/screen_1920x1080_37.png
  artifactKey: Guid(824060044a13c474eba0cc20b62aa8a0) Importer(815301076,1909f56bfc062723c751e8b465ee728b)
Start importing Assets/Resources/screenshots/screen_1920x1080_37.png using Guid(824060044a13c474eba0cc20b62aa8a0) Importer(815301076,1909f56bfc062723c751e8b465ee728b)  -> (artifact id: '6024a4fa7e739ae8d4cc6591f411b47c') in 0.006878 seconds 
========================================================================
Received Import Request.
  Time since last request: 0.000022 seconds.
  path: Assets/Resources/screenshots/screen_1920x1080_22.png
  artifactKey: Guid(b5bca623123484146b6e0571738f1521) Importer(815301076,1909f56bfc062723c751e8b465ee728b)
Start importing Assets/Resources/screenshots/screen_1920x1080_22.png using Guid(b5bca623123484146b6e0571738f1521) Importer(815301076,1909f56bfc062723c751e8b465ee728b)  -> (artifact id: '66898f5242d3758feaa010a8e96ea31c') in 0.010752 seconds 
========================================================================
Received Import Request.
  Time since last request: 0.000019 seconds.
  path: Assets/Resources/screenshots/screen_1920x1080_55.png
  artifactKey: Guid(093b07ff7b58fb34bae2247e25d04f6c) Importer(815301076,1909f56bfc062723c751e8b465ee728b)
Start importing Assets/Resources/screenshots/screen_1920x1080_55.png using Guid(093b07ff7b58fb34bae2247e25d04f6c) Importer(815301076,1909f56bfc062723c751e8b465ee728b)  -> (artifact id: '08f40ad6c909bff207d4f94517bec5f0') in 0.008231 seconds 
========================================================================
Received Import Request.
  Time since last request: 0.000021 seconds.
  path: Assets/Resources/screenshots/screen_1920x1080_71.png
  artifactKey: Guid(3e5997ed5dfe35e4dbfda2bb1ee10e76) Importer(815301076,1909f56bfc062723c751e8b465ee728b)
Start importing Assets/Resources/screenshots/screen_1920x1080_71.png using Guid(3e5997ed5dfe35e4dbfda2bb1ee10e76) Importer(815301076,1909f56bfc062723c751e8b465ee728b)  -> (artifact id: '49d8289fe685d2d3ea2cfa85dd14db8f') in 0.013582 seconds 
========================================================================
Received Import Request.
  Time since last request: 0.000019 seconds.
  path: Assets/Resources/screenshots/screen_1920x1080_32.png
  artifactKey: Guid(14752dd0c3a5eb344a53b9f4444734e8) Importer(815301076,1909f56bfc062723c751e8b465ee728b)
Start importing Assets/Resources/screenshots/screen_1920x1080_32.png using Guid(14752dd0c3a5eb344a53b9f4444734e8) Importer(815301076,1909f56bfc062723c751e8b465ee728b)  -> (artifact id: '5c25f17a637b8bf66da84c429b24f363') in 0.008415 seconds 
========================================================================
Received Import Request.
  Time since last request: 0.000024 seconds.
  path: Assets/Resources/screenshots/screen_1920x1080_9.png
  artifactKey: Guid(b28a19175f9c93346af5823abae17a3b) Importer(815301076,1909f56bfc062723c751e8b465ee728b)
Start importing Assets/Resources/screenshots/screen_1920x1080_9.png using Guid(b28a19175f9c93346af5823abae17a3b) Importer(815301076,1909f56bfc062723c751e8b465ee728b)  -> (artifact id: '92d4dd958c18769416a0c571a25f38b6') in 0.014116 seconds 
========================================================================
Received Import Request.
  Time since last request: 0.000023 seconds.
  path: Assets/Resources/screenshots/screen_1920x1080_64.png
  artifactKey: Guid(453688b06839fff47a34c14097c91a6a) Importer(815301076,1909f56bfc062723c751e8b465ee728b)
Start importing Assets/Resources/screenshots/screen_1920x1080_64.png using Guid(453688b06839fff47a34c14097c91a6a) Importer(815301076,1909f56bfc062723c751e8b465ee728b)  -> (artifact id: '461a487c5f18b784fc9faa47eeeee6d5') in 0.012015 seconds 
========================================================================
Received Import Request.
  Time since last request: 0.000020 seconds.
  path: Assets/Resources/screenshots/screen_1920x1080_24.png
  artifactKey: Guid(8fdf440dfbe4a114da0ecad70f3dc0e8) Importer(815301076,1909f56bfc062723c751e8b465ee728b)
Start importing Assets/Resources/screenshots/screen_1920x1080_24.png using Guid(8fdf440dfbe4a114da0ecad70f3dc0e8) Importer(815301076,1909f56bfc062723c751e8b465ee728b)  -> (artifact id: '901e32fb48dd2884bc2ff887bee19ed4') in 0.012953 seconds 
========================================================================
Received Import Request.
  Time since last request: 0.000021 seconds.
  path: Assets/Resources/screenshots/screen_1920x1080_59.png
  artifactKey: Guid(a07a6f1253c49f646b30a1c058d5dff7) Importer(815301076,1909f56bfc062723c751e8b465ee728b)
Start importing Assets/Resources/screenshots/screen_1920x1080_59.png using Guid(a07a6f1253c49f646b30a1c058d5dff7) Importer(815301076,1909f56bfc062723c751e8b465ee728b)  -> (artifact id: '43fad3028de1a88b64e6e5b465ed036c') in 0.007590 seconds 
========================================================================
Received Import Request.
  Time since last request: 0.000027 seconds.
  path: Assets/Resources/screenshots/screen_1920x1080_72.png
  artifactKey: Guid(9c63366deb389a346bc0dd72ae0a4f3c) Importer(815301076,1909f56bfc062723c751e8b465ee728b)
Start importing Assets/Resources/screenshots/screen_1920x1080_72.png using Guid(9c63366deb389a346bc0dd72ae0a4f3c) Importer(815301076,1909f56bfc062723c751e8b465ee728b)  -> (artifact id: 'e590732b43150398662d297d9145236b') in 0.015173 seconds 
========================================================================
Received Import Request.
  Time since last request: 0.000021 seconds.
  path: Assets/Resources/screenshots/screen_1920x1080_40.png
  artifactKey: Guid(960a4383e612e3b4987274c6e172fe67) Importer(815301076,1909f56bfc062723c751e8b465ee728b)
Start importing Assets/Resources/screenshots/screen_1920x1080_40.png using Guid(960a4383e612e3b4987274c6e172fe67) Importer(815301076,1909f56bfc062723c751e8b465ee728b)  -> (artifact id: 'f9724dc4a9f00b72d109c22a6c2089b5') in 0.007129 seconds 
========================================================================
Received Import Request.
  Time since last request: 0.000015 seconds.
  path: Assets/Resources/screenshots/screen_1920x1080_61.png
  artifactKey: Guid(7247aa64e5041ce43af9330e6c97079a) Importer(815301076,1909f56bfc062723c751e8b465ee728b)
Start importing Assets/Resources/screenshots/screen_1920x1080_61.png using Guid(7247aa64e5041ce43af9330e6c97079a) Importer(815301076,1909f56bfc062723c751e8b465ee728b)  -> (artifact id: 'a970152e09b72e211497770639e8d531') in 0.007649 seconds 
========================================================================
Received Import Request.
  Time since last request: 0.000021 seconds.
  path: Assets/Resources/screenshots/screen_1920x1080_41.png
  artifactKey: Guid(8f593762de9887444a428d4ab268f4c2) Importer(815301076,1909f56bfc062723c751e8b465ee728b)
Start importing Assets/Resources/screenshots/screen_1920x1080_41.png using Guid(8f593762de9887444a428d4ab268f4c2) Importer(815301076,1909f56bfc062723c751e8b465ee728b)  -> (artifact id: '35502f623d076748a2eb1bcc47ae049e') in 0.012417 seconds 
========================================================================
Received Import Request.
  Time since last request: 0.000029 seconds.
  path: Assets/Resources/screenshots/screen_1920x1080_46.png
  artifactKey: Guid(dd0f977a0ddec0041a291bf70c0a554a) Importer(815301076,1909f56bfc062723c751e8b465ee728b)
Start importing Assets/Resources/screenshots/screen_1920x1080_46.png using Guid(dd0f977a0ddec0041a291bf70c0a554a) Importer(815301076,1909f56bfc062723c751e8b465ee728b)  -> (artifact id: 'e9995563d043f3c201ccb87a3d3e2362') in 0.011388 seconds 
========================================================================
Received Import Request.
  Time since last request: 0.000026 seconds.
  path: Assets/Resources/screenshots/screen_1920x1080_66.png
  artifactKey: Guid(4f5ea074403c78643bf971d5ab5508a0) Importer(815301076,1909f56bfc062723c751e8b465ee728b)
Start importing Assets/Resources/screenshots/screen_1920x1080_66.png using Guid(4f5ea074403c78643bf971d5ab5508a0) Importer(815301076,1909f56bfc062723c751e8b465ee728b)  -> (artifact id: '29a00b9dc6eb4020039848c48a4250cb') in 0.010143 seconds 
========================================================================
Received Import Request.
  Time since last request: 0.000036 seconds.
  path: Assets/Resources/screenshots/screen_1920x1080_12.png
  artifactKey: Guid(41ba9b1e6d3a1104d9cf3f023770e6a2) Importer(815301076,1909f56bfc062723c751e8b465ee728b)
Start importing Assets/Resources/screenshots/screen_1920x1080_12.png using Guid(41ba9b1e6d3a1104d9cf3f023770e6a2) Importer(815301076,1909f56bfc062723c751e8b465ee728b)  -> (artifact id: 'fedb5f9d003bc5a49ad735b8af161021') in 0.007796 seconds 
Editor requested this worker to shutdown with reason: Scaling down because of idle timeout
AssetImportWorker is now disconnected from the server
Process exiting
Exiting without the bug reporter. Application will terminate with return code 0