Using pre-set license
Built from '2021.3/staging' branch; Version is '2021.3.3f1 (af2e63e8f9bd) revision 11480675'; Using compiler version '192829333'; Build Type 'Release'
OS: 'Windows 10  (10.0.19043) 64bit Core' Language: 'tr' Physical Memory: 16163 MB
BatchMode: 1, IsHumanControllingUs: 0, StartBugReporterOnCrash: 0, Is64bit: 1, IsPro: 1

COMMAND LINE ARGUMENTS:
C:\Program Files\Unity\Hub\Editor\2021.3.3f1\Editor\Unity.exe
-adb2
-batchMode
-noUpm
-name
AssetImportWorker7
-projectPath
C:/Users/berkc/Desktop/Record/Recordig
-logFile
Logs/AssetImportWorker7.log
-srvPort
60997
Successfully changed project path to: C:/Users/berkc/Desktop/Record/Recordig
C:/Users/berkc/Desktop/Record/Recordig
[UnityMemory] Configuration Parameters - Can be set up in boot.config
    "memorysetup-bucket-allocator-granularity=16"
    "memorysetup-bucket-allocator-bucket-count=8"
    "memorysetup-bucket-allocator-block-size=33554432"
    "memorysetup-bucket-allocator-block-count=8"
    "memorysetup-main-allocator-block-size=16777216"
    "memorysetup-thread-allocator-block-size=16777216"
    "memorysetup-gfx-main-allocator-block-size=16777216"
    "memorysetup-gfx-thread-allocator-block-size=16777216"
    "memorysetup-cache-allocator-block-size=4194304"
    "memorysetup-typetree-allocator-block-size=2097152"
    "memorysetup-profiler-bucket-allocator-granularity=16"
    "memorysetup-profiler-bucket-allocator-bucket-count=8"
    "memorysetup-profiler-bucket-allocator-block-size=33554432"
    "memorysetup-profiler-bucket-allocator-block-count=8"
    "memorysetup-profiler-allocator-block-size=16777216"
    "memorysetup-profiler-editor-allocator-block-size=1048576"
    "memorysetup-temp-allocator-size-main=16777216"
    "memorysetup-job-temp-allocator-block-size=2097152"
    "memorysetup-job-temp-allocator-block-size-background=1048576"
    "memorysetup-job-temp-allocator-reduction-small-platforms=262144"
    "memorysetup-temp-allocator-size-background-worker=32768"
    "memorysetup-temp-allocator-size-job-worker=262144"
    "memorysetup-temp-allocator-size-preload-manager=33554432"
    "memorysetup-temp-allocator-size-nav-mesh-worker=65536"
    "memorysetup-temp-allocator-size-audio-worker=65536"
    "memorysetup-temp-allocator-size-cloud-worker=32768"
    "memorysetup-temp-allocator-size-gi-baking-worker=262144"
    "memorysetup-temp-allocator-size-gfx=262144"
Refreshing native plugins compatible for Editor in 68.61 ms, found 3 plugins.
Preloading 0 native plugins for Editor in 0.00 ms.
Initialize engine version: 2021.3.3f1 (af2e63e8f9bd)
[Subsystems] Discovering subsystems at path C:/Program Files/Unity/Hub/Editor/2021.3.3f1/Editor/Data/Resources/UnitySubsystems
[Subsystems] Discovering subsystems at path C:/Users/berkc/Desktop/Record/Recordig/Assets
GfxDevice: creating device client; threaded=0; jobified=0
Direct3D:
    Version:  Direct3D 11.0 [level 11.1]
    Renderer: NVIDIA GeForce RTX 3060 Laptop GPU (ID=0x2520)
    Vendor:   NVIDIA
    VRAM:     6023 MB
    Driver:   30.0.15.1277
Initialize mono
Mono path[0] = 'C:/Program Files/Unity/Hub/Editor/2021.3.3f1/Editor/Data/Managed'
Mono path[1] = 'C:/Program Files/Unity/Hub/Editor/2021.3.3f1/Editor/Data/MonoBleedingEdge/lib/mono/unityjit-win32'
Mono config path = 'C:/Program Files/Unity/Hub/Editor/2021.3.3f1/Editor/Data/MonoBleedingEdge/etc'
Using monoOptions --debugger-agent=transport=dt_socket,embedding=1,server=y,suspend=n,address=127.0.0.1:56120
Begin MonoManager ReloadAssembly
Registering precompiled unity dll's ...
Register platform support module: C:/Program Files/Unity/Hub/Editor/2021.3.3f1/Editor/Data/PlaybackEngines/WebGLSupport/UnityEditor.WebGL.Extensions.dll
Register platform support module: C:/Program Files/Unity/Hub/Editor/2021.3.3f1/Editor/Data/PlaybackEngines/AndroidPlayer/UnityEditor.Android.Extensions.dll
Register platform support module: C:/Program Files/Unity/Hub/Editor/2021.3.3f1/Editor/Data/PlaybackEngines/iOSSupport/UnityEditor.iOS.Extensions.dll
Register platform support module: C:/Program Files/Unity/Hub/Editor/2021.3.3f1/Editor/Data/PlaybackEngines/WindowsStandaloneSupport/UnityEditor.WindowsStandalone.Extensions.dll
Registered in 0.006132 seconds.
Native extension for WindowsStandalone target not found
[usbmuxd] Start listen thread
[usbmuxd] Listen thread started
Native extension for iOS target not found
Native extension for Android target not found
Native extension for WebGL target not found
Refreshing native plugins compatible for Editor in 64.87 ms, found 3 plugins.
Preloading 0 native plugins for Editor in 0.00 ms.
Mono: successfully reloaded assembly
- Completed reload, in  0.497 seconds
Domain Reload Profiling:
	ReloadAssembly (498ms)
		BeginReloadAssembly (53ms)
			ExecutionOrderSort (0ms)
			DisableScriptedObjects (0ms)
			BackupInstance (0ms)
			ReleaseScriptingObjects (0ms)
			CreateAndSetChildDomain (1ms)
		EndReloadAssembly (361ms)
			LoadAssemblies (52ms)
			RebuildTransferFunctionScriptingTraits (0ms)
			SetupTypeCache (81ms)
			ReleaseScriptCaches (0ms)
			RebuildScriptCaches (23ms)
			SetupLoadedEditorAssemblies (217ms)
				LogAssemblyErrors (0ms)
				InitializePlatformSupportModulesInManaged (51ms)
				SetLoadedEditorAssemblies (0ms)
				RefreshPlugins (65ms)
				BeforeProcessingInitializeOnLoad (1ms)
				ProcessInitializeOnLoadAttributes (68ms)
				ProcessInitializeOnLoadMethodAttributes (31ms)
				AfterProcessingInitializeOnLoad (0ms)
				EditorAssembliesLoaded (0ms)
			ExecutionOrderSort2 (0ms)
			AwakeInstancesAfterBackupRestoration (0ms)
Platform modules already initialized, skipping
Registering precompiled user dll's ...
Registered in 0.003683 seconds.
Begin MonoManager ReloadAssembly
Symbol file LoadedFromMemory doesn't match image C:\Users\berkc\Desktop\Record\Recordig\Library\PackageCache\com.unity.visualscripting@1.7.6\Editor\VisualScripting.Core\Dependencies\YamlDotNet\Unity.VisualScripting.YamlDotNet.dll
Symbol file LoadedFromMemory doesn't match image C:\Users\berkc\Desktop\Record\Recordig\Library\PackageCache\com.unity.visualscripting@1.7.6\Editor\VisualScripting.Core\Dependencies\DotNetZip\Unity.VisualScripting.IonicZip.dll
Native extension for WindowsStandalone target not found
Native extension for iOS target not found
Native extension for Android target not found
Native extension for WebGL target not found
Refreshing native plugins compatible for Editor in 0.49 ms, found 3 plugins.
Preloading 0 native plugins for Editor in 0.00 ms.
Mono: successfully reloaded assembly
- Completed reload, in  0.871 seconds
Domain Reload Profiling:
	ReloadAssembly (872ms)
		BeginReloadAssembly (194ms)
			ExecutionOrderSort (0ms)
			DisableScriptedObjects (5ms)
			BackupInstance (0ms)
			ReleaseScriptingObjects (0ms)
			CreateAndSetChildDomain (128ms)
		EndReloadAssembly (591ms)
			LoadAssemblies (54ms)
			RebuildTransferFunctionScriptingTraits (0ms)
			SetupTypeCache (193ms)
			ReleaseScriptCaches (0ms)
			RebuildScriptCaches (37ms)
			SetupLoadedEditorAssemblies (276ms)
				LogAssemblyErrors (0ms)
				InitializePlatformSupportModulesInManaged (19ms)
				SetLoadedEditorAssemblies (0ms)
				RefreshPlugins (1ms)
				BeforeProcessingInitializeOnLoad (67ms)
				ProcessInitializeOnLoadAttributes (164ms)
				ProcessInitializeOnLoadMethodAttributes (20ms)
				AfterProcessingInitializeOnLoad (5ms)
				EditorAssembliesLoaded (0ms)
			ExecutionOrderSort2 (0ms)
			AwakeInstancesAfterBackupRestoration (4ms)
Platform modules already initialized, skipping
========================================================================
Worker process is ready to serve import requests
Launched and connected shader compiler UnityShaderCompiler.exe after 0.04 seconds
Refreshing native plugins compatible for Editor in 0.54 ms, found 3 plugins.
Preloading 0 native plugins for Editor in 0.00 ms.
Unloading 3374 Unused Serialized files (Serialized files now loaded: 0)
Unloading 26 unused Assets / (112.2 KB). Loaded Objects now: 3834.
Memory consumption went from 118.1 MB to 118.0 MB.
Total: 3.178500 ms (FindLiveObjects: 0.224500 ms CreateObjectMapping: 0.097300 ms MarkObjects: 2.759800 ms  DeleteObjects: 0.096100 ms)

AssetImportParameters requested are different than current active one (requested -> active):
  custom:video-decoder-ogg-theora: a1e56fd34408186e4bbccfd4996cb3dc -> 
  custom:container-muxer-webm: aa71ff27fc2769a1b78a27578f13a17b -> 
  custom:container-demuxer-webm: 4f35f7cbe854078d1ac9338744f61a02 -> 
  custom:video-encoder-webm-vp8: eb34c28f22e8b96e1ab97ce403110664 -> 
  custom:audio-encoder-webm-vorbis: bf7c407c2cedff20999df2af8eb42d56 -> 
  custom:framework-win-MediaFoundation: 216162199b28c13a410421893ffa2e32 -> 
  custom:container-demuxer-ogg: 62fdf1f143b41e24485cea50d1cbac27 -> 
  custom:video-decoder-webm-vp8: 9c59270c3fd7afecdb556c50c9e8de78 -> 
  custom:audio-decoder-ogg-vorbis: bf7c407c2cedff20999df2af8eb42d56 -> 
========================================================================
Received Prepare
Registering precompiled user dll's ...
Registered in 0.005929 seconds.
Begin MonoManager ReloadAssembly
Symbol file LoadedFromMemory doesn't match image C:\Users\berkc\Desktop\Record\Recordig\Library\PackageCache\com.unity.visualscripting@1.7.6\Editor\VisualScripting.Core\Dependencies\YamlDotNet\Unity.VisualScripting.YamlDotNet.dll
Symbol file LoadedFromMemory doesn't match image C:\Users\berkc\Desktop\Record\Recordig\Library\PackageCache\com.unity.visualscripting@1.7.6\Editor\VisualScripting.Core\Dependencies\DotNetZip\Unity.VisualScripting.IonicZip.dll
Native extension for WindowsStandalone target not found
Native extension for iOS target not found
Native extension for Android target not found
Native extension for WebGL target not found
Refreshing native plugins compatible for Editor in 0.59 ms, found 3 plugins.
Preloading 0 native plugins for Editor in 0.00 ms.
Mono: successfully reloaded assembly
- Completed reload, in  0.824 seconds
Domain Reload Profiling:
	ReloadAssembly (825ms)
		BeginReloadAssembly (113ms)
			ExecutionOrderSort (0ms)
			DisableScriptedObjects (4ms)
			BackupInstance (0ms)
			ReleaseScriptingObjects (0ms)
			CreateAndSetChildDomain (36ms)
		EndReloadAssembly (632ms)
			LoadAssemblies (63ms)
			RebuildTransferFunctionScriptingTraits (0ms)
			SetupTypeCache (206ms)
			ReleaseScriptCaches (1ms)
			RebuildScriptCaches (35ms)
			SetupLoadedEditorAssemblies (287ms)
				LogAssemblyErrors (0ms)
				InitializePlatformSupportModulesInManaged (29ms)
				SetLoadedEditorAssemblies (0ms)
				RefreshPlugins (1ms)
				BeforeProcessingInitializeOnLoad (62ms)
				ProcessInitializeOnLoadAttributes (167ms)
				ProcessInitializeOnLoadMethodAttributes (22ms)
				AfterProcessingInitializeOnLoad (6ms)
				EditorAssembliesLoaded (0ms)
			ExecutionOrderSort2 (0ms)
			AwakeInstancesAfterBackupRestoration (5ms)
Platform modules already initialized, skipping
Refreshing native plugins compatible for Editor in 1.81 ms, found 3 plugins.
Preloading 0 native plugins for Editor in 0.00 ms.
Unloading 3356 Unused Serialized files (Serialized files now loaded: 0)
Unloading 19 unused Assets / (79.2 KB). Loaded Objects now: 3837.
Memory consumption went from 116.7 MB to 116.6 MB.
Total: 2.735800 ms (FindLiveObjects: 0.280200 ms CreateObjectMapping: 0.108700 ms MarkObjects: 2.245600 ms  DeleteObjects: 0.099600 ms)

AssetImportParameters requested are different than current active one (requested -> active):
  custom:video-decoder-ogg-theora: a1e56fd34408186e4bbccfd4996cb3dc -> 
  custom:container-muxer-webm: aa71ff27fc2769a1b78a27578f13a17b -> 
  custom:container-demuxer-webm: 4f35f7cbe854078d1ac9338744f61a02 -> 
  custom:video-encoder-webm-vp8: eb34c28f22e8b96e1ab97ce403110664 -> 
  custom:audio-encoder-webm-vorbis: bf7c407c2cedff20999df2af8eb42d56 -> 
  custom:framework-win-MediaFoundation: 216162199b28c13a410421893ffa2e32 -> 
  custom:container-demuxer-ogg: 62fdf1f143b41e24485cea50d1cbac27 -> 
  custom:video-decoder-webm-vp8: 9c59270c3fd7afecdb556c50c9e8de78 -> 
  custom:audio-decoder-ogg-vorbis: bf7c407c2cedff20999df2af8eb42d56 -> 
========================================================================
Received Import Request.
  Time since last request: 739334.685373 seconds.
  path: Assets/screenshots/screen_1920x1080_1.png
  artifactKey: Guid(1149822e459a6ec42921b9dd73e756b6) Importer(815301076,1909f56bfc062723c751e8b465ee728b)
Start importing Assets/screenshots/screen_1920x1080_1.png using Guid(1149822e459a6ec42921b9dd73e756b6) Importer(815301076,1909f56bfc062723c751e8b465ee728b)  -> (artifact id: '02a5322a5ee6a8433092a0ff7b6ba4d7') in 0.076756 seconds 
========================================================================
Received Import Request.
  Time since last request: 0.000024 seconds.
  path: Assets/screenshots/screen_1920x1080_6.png
  artifactKey: Guid(7824c8b79d874c6439b808fa62e97f10) Importer(815301076,1909f56bfc062723c751e8b465ee728b)
Start importing Assets/screenshots/screen_1920x1080_6.png using Guid(7824c8b79d874c6439b808fa62e97f10) Importer(815301076,1909f56bfc062723c751e8b465ee728b)  -> (artifact id: '7aa0de82e2268f905b1fca576fcc6f4c') in 0.018890 seconds 
========================================================================
Received Import Request.
  Time since last request: 0.000023 seconds.
  path: Assets/screenshots/screen_1920x1080_42.png
  artifactKey: Guid(d5c9e640396038145b7097af1c8b2fdc) Importer(815301076,1909f56bfc062723c751e8b465ee728b)
Start importing Assets/screenshots/screen_1920x1080_42.png using Guid(d5c9e640396038145b7097af1c8b2fdc) Importer(815301076,1909f56bfc062723c751e8b465ee728b)  -> (artifact id: '2f5f25b7e829e2a357fe35e41d2ed7c6') in 0.019218 seconds 
========================================================================
Received Import Request.
  Time since last request: 0.000023 seconds.
  path: Assets/screenshots/screen_1920x1080_69.png
  artifactKey: Guid(11d6e67e93c033446948b571c193e9f5) Importer(815301076,1909f56bfc062723c751e8b465ee728b)
Start importing Assets/screenshots/screen_1920x1080_69.png using Guid(11d6e67e93c033446948b571c193e9f5) Importer(815301076,1909f56bfc062723c751e8b465ee728b)  -> (artifact id: '63da98a99569e5f12c00a3aca1594a1c') in 0.014923 seconds 
========================================================================
Received Import Request.
  Time since last request: 0.000028 seconds.
  path: Assets/screenshots/screen_1920x1080_29.png
  artifactKey: Guid(c4ce66def533407458ba25f5debeeb48) Importer(815301076,1909f56bfc062723c751e8b465ee728b)
Start importing Assets/screenshots/screen_1920x1080_29.png using Guid(c4ce66def533407458ba25f5debeeb48) Importer(815301076,1909f56bfc062723c751e8b465ee728b)  -> (artifact id: '1eaaf962a959bd59ee58c05e13760c64') in 0.011136 seconds 
========================================================================
Received Import Request.
  Time since last request: 0.000029 seconds.
  path: Assets/screenshots/screen_1920x1080_57.png
  artifactKey: Guid(299c0a2a4fb3a4f4ca39e4e4cd581c55) Importer(815301076,1909f56bfc062723c751e8b465ee728b)
Start importing Assets/screenshots/screen_1920x1080_57.png using Guid(299c0a2a4fb3a4f4ca39e4e4cd581c55) Importer(815301076,1909f56bfc062723c751e8b465ee728b)  -> (artifact id: '937b35a80c60a1e49edebc40a9ee5084') in 0.012183 seconds 
========================================================================
Received Import Request.
  Time since last request: 0.000033 seconds.
  path: Assets/screenshots/screen_1920x1080_37.png
  artifactKey: Guid(1e91224b405d6d4438b09fd382ece723) Importer(815301076,1909f56bfc062723c751e8b465ee728b)
Start importing Assets/screenshots/screen_1920x1080_37.png using Guid(1e91224b405d6d4438b09fd382ece723) Importer(815301076,1909f56bfc062723c751e8b465ee728b)  -> (artifact id: '8f0ee31124c00f159ac3df8e57e842a2') in 0.010760 seconds 
========================================================================
Received Import Request.
  Time since last request: 0.000022 seconds.
  path: Assets/screenshots/screen_1920x1080_66.png
  artifactKey: Guid(eedcc877410db024fb4f3f0f7225dc9c) Importer(815301076,1909f56bfc062723c751e8b465ee728b)
Start importing Assets/screenshots/screen_1920x1080_66.png using Guid(eedcc877410db024fb4f3f0f7225dc9c) Importer(815301076,1909f56bfc062723c751e8b465ee728b)  -> (artifact id: '072f93fedef7f2740350021eed6eda73') in 0.013792 seconds 
========================================================================
Received Import Request.
  Time since last request: 0.000033 seconds.
  path: Assets/screenshots/screen_1920x1080_36.png
  artifactKey: Guid(3ba2cb7cb04b8984d845fccc3fd24a2c) Importer(815301076,1909f56bfc062723c751e8b465ee728b)
Start importing Assets/screenshots/screen_1920x1080_36.png using Guid(3ba2cb7cb04b8984d845fccc3fd24a2c) Importer(815301076,1909f56bfc062723c751e8b465ee728b)  -> (artifact id: '30334452d09b2d6f3865e344ab759f5e') in 0.014517 seconds 
========================================================================
Received Import Request.
  Time since last request: 0.000022 seconds.
  path: Assets/screenshots/screen_1920x1080_28.png
  artifactKey: Guid(572549492cd74bd49a72d0ed893a16f0) Importer(815301076,1909f56bfc062723c751e8b465ee728b)
Start importing Assets/screenshots/screen_1920x1080_28.png using Guid(572549492cd74bd49a72d0ed893a16f0) Importer(815301076,1909f56bfc062723c751e8b465ee728b)  -> (artifact id: '08042ce613de026a16bfa26135684ab6') in 0.029431 seconds 
========================================================================
Received Import Request.
  Time since last request: 0.000051 seconds.
  path: Assets/screenshots/screen_1920x1080_65.png
  artifactKey: Guid(905e583ed5a9a3f4c8f77d3900e1e8fb) Importer(815301076,1909f56bfc062723c751e8b465ee728b)
Start importing Assets/screenshots/screen_1920x1080_65.png using Guid(905e583ed5a9a3f4c8f77d3900e1e8fb) Importer(815301076,1909f56bfc062723c751e8b465ee728b)  -> (artifact id: 'f61260518bd3907e6ade3f1a0de12d57') in 0.021039 seconds 
========================================================================
Received Import Request.
  Time since last request: 0.000079 seconds.
  path: Assets/screenshots/screen_1920x1080_44.png
  artifactKey: Guid(0fc23bc6a18e27944a6bc1d8586e7dc7) Importer(815301076,1909f56bfc062723c751e8b465ee728b)
Start importing Assets/screenshots/screen_1920x1080_44.png using Guid(0fc23bc6a18e27944a6bc1d8586e7dc7) Importer(815301076,1909f56bfc062723c751e8b465ee728b)  -> (artifact id: '35745c3165a6a1723aa6d01c6754efb1') in 0.016420 seconds 
========================================================================
Received Import Request.
  Time since last request: 0.000024 seconds.
  path: Assets/screenshots/screen_1920x1080_10.png
  artifactKey: Guid(66700ebac27454f4680de2bd6c3c9d1c) Importer(815301076,1909f56bfc062723c751e8b465ee728b)
Start importing Assets/screenshots/screen_1920x1080_10.png using Guid(66700ebac27454f4680de2bd6c3c9d1c) Importer(815301076,1909f56bfc062723c751e8b465ee728b)  -> (artifact id: '38b931e19afc2837d3884ae0e8b41ba9') in 0.018467 seconds 
========================================================================
Received Import Request.
  Time since last request: 0.000025 seconds.
  path: Assets/screenshots/screen_1920x1080_60.png
  artifactKey: Guid(7e010150b8654bb408ba2a9b7e184b68) Importer(815301076,1909f56bfc062723c751e8b465ee728b)
Start importing Assets/screenshots/screen_1920x1080_60.png using Guid(7e010150b8654bb408ba2a9b7e184b68) Importer(815301076,1909f56bfc062723c751e8b465ee728b)  -> (artifact id: 'b620dd83c803572ceab7d277b0912e99') in 0.012827 seconds 
========================================================================
Received Import Request.
  Time since last request: 0.000030 seconds.
  path: Assets/screenshots/screen_1920x1080_56.png
  artifactKey: Guid(4989b4148c2bcce4eb4aa5a5fdc92793) Importer(815301076,1909f56bfc062723c751e8b465ee728b)
Start importing Assets/screenshots/screen_1920x1080_56.png using Guid(4989b4148c2bcce4eb4aa5a5fdc92793) Importer(815301076,1909f56bfc062723c751e8b465ee728b)  -> (artifact id: '2d0dc0fa38ef1dafd95ff213a89de35b') in 0.016369 seconds 
========================================================================
Received Import Request.
  Time since last request: 0.000032 seconds.
  path: Assets/screenshots/screen_1920x1080_11.png
  artifactKey: Guid(dd7aa176a68ba68489069bc4277b1d34) Importer(815301076,1909f56bfc062723c751e8b465ee728b)
Start importing Assets/screenshots/screen_1920x1080_11.png using Guid(dd7aa176a68ba68489069bc4277b1d34) Importer(815301076,1909f56bfc062723c751e8b465ee728b)  -> (artifact id: '5db5d0efde8dd8c2216fa38602c20f93') in 0.014162 seconds 
========================================================================
Received Import Request.
  Time since last request: 0.000027 seconds.
  path: Assets/screenshots/screen_1920x1080_23.png
  artifactKey: Guid(a8c6a14d6c206264ebf3fa93658a2172) Importer(815301076,1909f56bfc062723c751e8b465ee728b)
Start importing Assets/screenshots/screen_1920x1080_23.png using Guid(a8c6a14d6c206264ebf3fa93658a2172) Importer(815301076,1909f56bfc062723c751e8b465ee728b)  -> (artifact id: '28d66a5ad64abbff3b67ebffe3a16ab0') in 0.017160 seconds 
========================================================================
Received Import Request.
  Time since last request: 0.000049 seconds.
  path: Assets/screenshots/screen_1920x1080_15.png
  artifactKey: Guid(c48dc7cff2d7a9d4594f1b72fa65908f) Importer(815301076,1909f56bfc062723c751e8b465ee728b)
Start importing Assets/screenshots/screen_1920x1080_15.png using Guid(c48dc7cff2d7a9d4594f1b72fa65908f) Importer(815301076,1909f56bfc062723c751e8b465ee728b)  -> (artifact id: '10fdf333f6327211ad6900bcbbc7a47b') in 0.013562 seconds 
========================================================================
Received Import Request.
  Time since last request: 0.000024 seconds.
  path: Assets/screenshots/screen_1920x1080_61.png
  artifactKey: Guid(04bca01d6e4c3fb4eac5423fe6add255) Importer(815301076,1909f56bfc062723c751e8b465ee728b)
Start importing Assets/screenshots/screen_1920x1080_61.png using Guid(04bca01d6e4c3fb4eac5423fe6add255) Importer(815301076,1909f56bfc062723c751e8b465ee728b)  -> (artifact id: 'cac010e6425775b6ee0d055d95d3e048') in 0.016848 seconds 
========================================================================
Received Import Request.
  Time since last request: 0.000034 seconds.
  path: Assets/screenshots/screen_1920x1080_38.png
  artifactKey: Guid(43326d664ed431b41b24387cdf9eb559) Importer(815301076,1909f56bfc062723c751e8b465ee728b)
Start importing Assets/screenshots/screen_1920x1080_38.png using Guid(43326d664ed431b41b24387cdf9eb559) Importer(815301076,1909f56bfc062723c751e8b465ee728b)  -> (artifact id: 'ac1e772b0c203cb2f9813e497aafc536') in 0.011386 seconds 
========================================================================
Received Import Request.
  Time since last request: 0.000024 seconds.
  path: Assets/screenshots/screen_1920x1080_3.png
  artifactKey: Guid(63d0492ffc09f1b42b4c2a76ddcddf02) Importer(815301076,1909f56bfc062723c751e8b465ee728b)
Start importing Assets/screenshots/screen_1920x1080_3.png using Guid(63d0492ffc09f1b42b4c2a76ddcddf02) Importer(815301076,1909f56bfc062723c751e8b465ee728b)  -> (artifact id: '8c494b3c85b678c55733502319561042') in 0.013229 seconds 
========================================================================
Received Import Request.
  Time since last request: 0.000022 seconds.
  path: Assets/screenshots/screen_1920x1080_16.png
  artifactKey: Guid(906553b3fa5dc2348aa9b365be645ec6) Importer(815301076,1909f56bfc062723c751e8b465ee728b)
Start importing Assets/screenshots/screen_1920x1080_16.png using Guid(906553b3fa5dc2348aa9b365be645ec6) Importer(815301076,1909f56bfc062723c751e8b465ee728b)  -> (artifact id: '7729026253015128ea172a3e35d4c14d') in 0.016657 seconds 
========================================================================
Received Import Request.
  Time since last request: 0.000026 seconds.
  path: Assets/screenshots/screen_1920x1080_70.png
  artifactKey: Guid(a20e53438c0ba894ba795ce0d78c9646) Importer(815301076,1909f56bfc062723c751e8b465ee728b)
Start importing Assets/screenshots/screen_1920x1080_70.png using Guid(a20e53438c0ba894ba795ce0d78c9646) Importer(815301076,1909f56bfc062723c751e8b465ee728b)  -> (artifact id: '408e7d97cf339a8130040404c996a49e') in 0.012855 seconds 
========================================================================
Received Import Request.
  Time since last request: 0.000032 seconds.
  path: Assets/screenshots/screen_1920x1080_46.png
  artifactKey: Guid(c1e58843ee5d20c4c833ae80dd629f2e) Importer(815301076,1909f56bfc062723c751e8b465ee728b)
Start importing Assets/screenshots/screen_1920x1080_46.png using Guid(c1e58843ee5d20c4c833ae80dd629f2e) Importer(815301076,1909f56bfc062723c751e8b465ee728b)  -> (artifact id: '9fabeb2a09df5e9795f0381b305a1700') in 0.014244 seconds 
========================================================================
Received Import Request.
  Time since last request: 0.000023 seconds.
  path: Assets/screenshots/screen_1920x1080_51.png
  artifactKey: Guid(0d3962f5182e7cb4f8d69416c9381fb7) Importer(815301076,1909f56bfc062723c751e8b465ee728b)
Start importing Assets/screenshots/screen_1920x1080_51.png using Guid(0d3962f5182e7cb4f8d69416c9381fb7) Importer(815301076,1909f56bfc062723c751e8b465ee728b)  -> (artifact id: 'a33d7c02704cc6344aad4689eba22870') in 0.014665 seconds 
========================================================================
Received Import Request.
  Time since last request: 0.000022 seconds.
  path: Assets/screenshots/screen_1920x1080_33.png
  artifactKey: Guid(5d75552443bd1ca488a2b3591fd97fad) Importer(815301076,1909f56bfc062723c751e8b465ee728b)
Start importing Assets/screenshots/screen_1920x1080_33.png using Guid(5d75552443bd1ca488a2b3591fd97fad) Importer(815301076,1909f56bfc062723c751e8b465ee728b)  -> (artifact id: 'd09755f6c4cf8c1d2fe696d85f02018f') in 0.013343 seconds 
========================================================================
Received Import Request.
  Time since last request: 0.000022 seconds.
  path: Assets/screenshots/screen_1920x1080_32.png
  artifactKey: Guid(0be4e3967416a464b8f6a3b9035a5b27) Importer(815301076,1909f56bfc062723c751e8b465ee728b)
Start importing Assets/screenshots/screen_1920x1080_32.png using Guid(0be4e3967416a464b8f6a3b9035a5b27) Importer(815301076,1909f56bfc062723c751e8b465ee728b)  -> (artifact id: '7086ada3d56946128337776fa306a385') in 0.012926 seconds 
========================================================================
Received Import Request.
  Time since last request: 0.000024 seconds.
  path: Assets/screenshots/screen_1920x1080_31.png
  artifactKey: Guid(890b38a2c579c364994180f026ddd5d7) Importer(815301076,1909f56bfc062723c751e8b465ee728b)
Start importing Assets/screenshots/screen_1920x1080_31.png using Guid(890b38a2c579c364994180f026ddd5d7) Importer(815301076,1909f56bfc062723c751e8b465ee728b)  -> (artifact id: '95d749685de0917c62df4d1271915786') in 0.008643 seconds 
========================================================================
Received Import Request.
  Time since last request: 0.000027 seconds.
  path: Assets/screenshots/screen_1920x1080_35.png
  artifactKey: Guid(474463de0cb16554fb4becd39ce0dce6) Importer(815301076,1909f56bfc062723c751e8b465ee728b)
Start importing Assets/screenshots/screen_1920x1080_35.png using Guid(474463de0cb16554fb4becd39ce0dce6) Importer(815301076,1909f56bfc062723c751e8b465ee728b)  -> (artifact id: '165afa7c907b36497e27e47be93d008b') in 0.009173 seconds 
========================================================================
Received Import Request.
  Time since last request: 0.000032 seconds.
  path: Assets/screenshots/screen_1920x1080_52.png
  artifactKey: Guid(1b7feb310f9f1a848941b57e95133713) Importer(815301076,1909f56bfc062723c751e8b465ee728b)
Start importing Assets/screenshots/screen_1920x1080_52.png using Guid(1b7feb310f9f1a848941b57e95133713) Importer(815301076,1909f56bfc062723c751e8b465ee728b)  -> (artifact id: 'bdef9d0efcb8b93af3892ed9dd76ce47') in 0.014509 seconds 
========================================================================
Received Import Request.
  Time since last request: 0.000033 seconds.
  path: Assets/screenshots/screen_1920x1080_4.png
  artifactKey: Guid(2339b04d70633f84fb8a340d8955b2b9) Importer(815301076,1909f56bfc062723c751e8b465ee728b)
Start importing Assets/screenshots/screen_1920x1080_4.png using Guid(2339b04d70633f84fb8a340d8955b2b9) Importer(815301076,1909f56bfc062723c751e8b465ee728b)  -> (artifact id: 'e3679f720f8454a67f0a272fa542a2df') in 0.013899 seconds 
========================================================================
Received Import Request.
  Time since last request: 0.000022 seconds.
  path: Assets/screenshots/screen_1920x1080_68.png
  artifactKey: Guid(05f5bf12fee05d8449d98380ca28a1c6) Importer(815301076,1909f56bfc062723c751e8b465ee728b)
Start importing Assets/screenshots/screen_1920x1080_68.png using Guid(05f5bf12fee05d8449d98380ca28a1c6) Importer(815301076,1909f56bfc062723c751e8b465ee728b)  -> (artifact id: '45cdc615cb003bb872d315ef8e94968b') in 0.012983 seconds 
========================================================================
Received Import Request.
  Time since last request: 0.000025 seconds.
  path: Assets/screenshots/screen_1920x1080_5.png
  artifactKey: Guid(977666d9791b3c94c9a31f7b42759bbe) Importer(815301076,1909f56bfc062723c751e8b465ee728b)
Start importing Assets/screenshots/screen_1920x1080_5.png using Guid(977666d9791b3c94c9a31f7b42759bbe) Importer(815301076,1909f56bfc062723c751e8b465ee728b)  -> (artifact id: 'db4f110933b77ec8ca4ff7f2a9d8a3f7') in 0.014002 seconds 
========================================================================
Received Import Request.
  Time since last request: 0.000026 seconds.
  path: Assets/screenshots/screen_1920x1080_9.png
  artifactKey: Guid(00e781662978f6d40852e195800427a3) Importer(815301076,1909f56bfc062723c751e8b465ee728b)
Start importing Assets/screenshots/screen_1920x1080_9.png using Guid(00e781662978f6d40852e195800427a3) Importer(815301076,1909f56bfc062723c751e8b465ee728b)  -> (artifact id: 'caeb1a94000cccc6134158218980d03f') in 0.013471 seconds 
========================================================================
Received Import Request.
  Time since last request: 0.000022 seconds.
  path: Assets/screenshots/screen_1920x1080_64.png
  artifactKey: Guid(ff23bc419cf572d40be182a597247ae9) Importer(815301076,1909f56bfc062723c751e8b465ee728b)
Start importing Assets/screenshots/screen_1920x1080_64.png using Guid(ff23bc419cf572d40be182a597247ae9) Importer(815301076,1909f56bfc062723c751e8b465ee728b)  -> (artifact id: 'b8fed66a02e1453e244237716535d561') in 0.012801 seconds 
Editor requested this worker to shutdown with reason: Scaling down because of idle timeout
AssetImportWorker is now disconnected from the server
Process exiting
Exiting without the bug reporter. Application will terminate with return code 0